[debug] [2018-10-26T14:35:16.275Z] ----------------------------------------------------------------------
[debug] [2018-10-26T14:35:16.278Z] Command:       /usr/local/lib/node_modules/node/bin/node /usr/local/bin/firebase deploy
[debug] [2018-10-26T14:35:16.278Z] CLI Version:   5.0.1
[debug] [2018-10-26T14:35:16.278Z] Platform:      darwin
[debug] [2018-10-26T14:35:16.278Z] Node Version:  v10.5.0
[debug] [2018-10-26T14:35:16.278Z] Time:          Fri Oct 26 2018 10:35:16 GMT-0400 (Eastern Daylight Time)
[debug] [2018-10-26T14:35:16.279Z] ----------------------------------------------------------------------
[debug] 
[debug] [2018-10-26T14:35:16.292Z] > command requires scopes: ["email","openid","https://www.googleapis.com/auth/cloudplatformprojects.readonly","https://www.googleapis.com/auth/firebase","https://www.googleapis.com/auth/cloud-platform"]
[debug] [2018-10-26T14:35:16.292Z] > authorizing via signed-in user
[debug] [2018-10-26T14:35:16.292Z] [iam] checking project locally-57510 for permissions ["cloudfunctions.functions.create","cloudfunctions.functions.delete","cloudfunctions.functions.get","cloudfunctions.functions.list","cloudfunctions.functions.update","cloudfunctions.operations.get","firebase.projects.get","firebasehosting.sites.update"]
[debug] [2018-10-26T14:35:16.294Z] >>> HTTP REQUEST POST https://cloudresourcemanager.googleapis.com/v1/projects/locally-57510:testIamPermissions  

[debug] [2018-10-26T14:35:16.657Z] <<< HTTP RESPONSE 200
[debug] [2018-10-26T14:35:16.658Z] >>> HTTP REQUEST GET https://admin.firebase.com/v1/projects/locally-57510  
 
[debug] [2018-10-26T14:35:17.087Z] <<< HTTP RESPONSE 200
[info] 
[info] === Deploying to 'locally-57510'...
[info] 
[info] i  deploying functions, hosting
[info] Running command: npm --prefix "$RESOURCE_DIR" run lint
[info] ✔  functions: Finished running predeploy script.
[debug] [2018-10-26T14:35:22.620Z] > [functions] package.json contents: {
  "engines": {
    "node": "8"
  },
  "name": "functions",
  "description": "Cloud Functions for Firebase",
  "scripts": {
    "lint": "eslint .",
    "serve": "firebase serve --only functions",
    "shell": "firebase functions:shell",
    "start": "npm run shell",
    "deploy": "firebase deploy --only functions",
    "logs": "firebase functions:log"
  },
  "dependencies": {
    "@google-cloud/storage": "^1.7",
    "algoliasearch": "^3.30.0",
    "firebase-admin": "~6.0.0",
    "firebase-functions": "^2.0.5",
    "firebase-tools": "^5.1.1",
    "fs-extra": "^7.0.0",
    "request-promise": "^2.0.0",
    "sharp": "^0.21.0"
  },
  "devDependencies": {
    "eslint": "^4.12.0",
    "eslint-plugin-promise": "^3.6.0"
  },
  "private": true
}
[info] i  functions: ensuring necessary APIs are enabled...
[debug] [2018-10-26T14:35:22.621Z] >>> HTTP REQUEST GET https://servicemanagement.googleapis.com/v1/services/cloudfunctions.googleapis.com/projectSettings/locally-57510?view=CONSUMER_VIEW  
 
[debug] [2018-10-26T14:35:22.621Z] >>> HTTP REQUEST GET https://servicemanagement.googleapis.com/v1/services/runtimeconfig.googleapis.com/projectSettings/locally-57510?view=CONSUMER_VIEW  
 
[debug] [2018-10-26T14:35:23.586Z] <<< HTTP RESPONSE 200
[debug] [2018-10-26T14:35:23.683Z] <<< HTTP RESPONSE 200
[info] ✔  functions: all necessary APIs are enabled
[debug] [2018-10-26T14:35:23.684Z] >>> HTTP REQUEST GET https://cloudresourcemanager.googleapis.com/v1/projects/locally-57510  
 
[debug] [2018-10-26T14:35:23.961Z] <<< HTTP RESPONSE 200
[debug] [2018-10-26T14:35:23.962Z] >>> HTTP REQUEST GET https://mobilesdk-pa.googleapis.com/v1/projects/225376231981:getServerAppConfig  
 
[debug] [2018-10-26T14:35:24.295Z] <<< HTTP RESPONSE 200
[debug] [2018-10-26T14:35:24.297Z] >>> HTTP REQUEST POST https://firebasehosting.googleapis.com/v1beta1/sites/locally-57510/versions  

[debug] [2018-10-26T14:35:25.017Z] <<< HTTP RESPONSE 200
[info] i  functions: preparing functions directory for uploading...
[debug] [2018-10-26T14:35:25.023Z] >>> HTTP REQUEST GET https://runtimeconfig.googleapis.com/v1beta1/projects/locally-57510/configs  
 
[debug] [2018-10-26T14:35:25.412Z] <<< HTTP RESPONSE 200
[info] i  functions: packaged functions (91.17 KB) for uploading
[debug] [2018-10-26T14:35:25.910Z] >>> HTTP REQUEST POST https://cloudfunctions.googleapis.com/v1/projects/locally-57510/locations/us-central1/functions:generateUploadUrl  
 
[debug] [2018-10-26T14:35:26.437Z] <<< HTTP RESPONSE 200
[debug] [2018-10-26T14:35:26.438Z] >>> HTTP REQUEST PUT https://storage.googleapis.com/gcf-upload-us-central1-7bc969dc-57b8-4f96-8e44-27c047de9be1/c3e484f5-db06-4833-be8d-30302cd3694d.zip?GoogleAccessId=service-225376231981@gcf-admin-robot.iam.gserviceaccount.com&Expires=1540566326&Signature=rHFTVwtUnMqiJTqBwXhjvHCKgR00uXxct0MlIRlavK561g7xMh3rSe9VenjC%2Fw0IuGR7oI9eITdMw4wYJi6ByOni41jiws%2Bt39n1w8OVp%2B%2BucAI5kRG%2BPy7xt9YsHCQYkJe27c4N9u5GWXB3AJooBnsG5v4z4oq4o1U7e7UlvUgtrD%2B1RwrlP2blPlAP42UbS0gEYWLpghpHxsq07O%2Be7rfL7dScpeDOApz2VOhw5ImyrALpzKePi4rNvJzilS2NzLbFZojz0hCLampYnDKZMTq7dZBVprkSw6fvGAnIRf0GirlTpWLdB8iyMVp4Q42aXTohulvaDCqX%2Bw5UbJPeeQ%3D%3D  

[debug] [2018-10-26T14:35:27.320Z] <<< HTTP RESPONSE 200
[info] ✔  functions: functions folder uploaded successfully
[info] i  hosting[locally-57510]: beginning deploy...
[info] i  hosting[locally-57510]: found 109 files in build
[debug] [2018-10-26T14:35:29.116Z] [hosting] hash cache [YnVpbGQ] stored for 109 files
[debug] [2018-10-26T14:35:29.117Z] [hosting][hash queue][FINAL]
[debug] [2018-10-26T14:35:29.117Z] >>> HTTP REQUEST POST https://firebasehosting.googleapis.com/v1beta1/sites/locally-57510/versions/e03e5c7b54013f84:populateFiles  
 <request body omitted>
[debug] [2018-10-26T14:35:30.136Z] <<< HTTP RESPONSE 200
[debug] [2018-10-26T14:35:30.150Z] [hosting][populate queue][FINAL]
[debug] [2018-10-26T14:35:30.150Z] [hosting] uploads queued: 29
[debug] [2018-10-26T14:35:38.122Z] [hosting][upload queue][FINAL]
[info] ✔  hosting[locally-57510]: file upload complete
[debug] [2018-10-26T14:35:38.123Z] [hosting] deploy completed after 10801ms
[debug] [2018-10-26T14:35:38.431Z] >>> HTTP REQUEST GET https://cloudfunctions.googleapis.com/v1/projects/locally-57510/locations/-/functions  
 
[debug] [2018-10-26T14:35:39.148Z] <<< HTTP RESPONSE 200
[info] i  functions: updating Node.js 8 function onPostCreated(us-central1)...
[debug] [2018-10-26T14:35:39.151Z] Trigger is:  {"eventTrigger":{"resource":"projects/locally-57510/databases/(default)/documents/posts/{postId}","eventType":"providers/cloud.firestore/eventTypes/document.create","service":"firestore.googleapis.com"}}
[info] i  functions: updating Node.js 8 function onPostUpdated(us-central1)...
[debug] [2018-10-26T14:35:39.152Z] Trigger is:  {"eventTrigger":{"resource":"projects/locally-57510/databases/(default)/documents/posts/{postId}","eventType":"providers/cloud.firestore/eventTypes/document.update","service":"firestore.googleapis.com"}}
[info] i  functions: updating Node.js 8 function onUserUpdated(us-central1)...
[debug] [2018-10-26T14:35:39.152Z] Trigger is:  {"eventTrigger":{"resource":"projects/locally-57510/databases/(default)/documents/users/{userId}","eventType":"providers/cloud.firestore/eventTypes/document.update","service":"firestore.googleapis.com"}}
[info] i  functions: updating Node.js 8 function optimizeImages(us-central1)...
[debug] [2018-10-26T14:35:39.152Z] Trigger is:  {"eventTrigger":{"resource":"projects/_/buckets/locally-57510.appspot.com","eventType":"google.storage.object.finalize","service":"storage.googleapis.com"}}
[info] i  functions: updating Node.js 8 function host(us-central1)...
[debug] [2018-10-26T14:35:39.153Z] Trigger is:  {"httpsTrigger":{}}
[debug] [2018-10-26T14:35:39.155Z] >>> HTTP REQUEST PATCH https://cloudfunctions.googleapis.com/v1/projects/locally-57510/locations/us-central1/functions/onPostCreated {"updateMask":"sourceUploadUrl,name,labels,runtime,eventTrigger.resource,eventTrigger.eventType,eventTrigger.service"} 

[debug] [2018-10-26T14:35:39.156Z] >>> HTTP REQUEST PATCH https://cloudfunctions.googleapis.com/v1/projects/locally-57510/locations/us-central1/functions/onPostUpdated {"updateMask":"sourceUploadUrl,name,labels,runtime,eventTrigger.resource,eventTrigger.eventType,eventTrigger.service"} 

[debug] [2018-10-26T14:35:39.157Z] >>> HTTP REQUEST PATCH https://cloudfunctions.googleapis.com/v1/projects/locally-57510/locations/us-central1/functions/onUserUpdated {"updateMask":"sourceUploadUrl,name,labels,runtime,eventTrigger.resource,eventTrigger.eventType,eventTrigger.service"} 

[debug] [2018-10-26T14:35:39.157Z] >>> HTTP REQUEST PATCH https://cloudfunctions.googleapis.com/v1/projects/locally-57510/locations/us-central1/functions/optimizeImages {"updateMask":"sourceUploadUrl,name,labels,runtime,eventTrigger.resource,eventTrigger.eventType,eventTrigger.service"} 

[debug] [2018-10-26T14:35:39.157Z] >>> HTTP REQUEST PATCH https://cloudfunctions.googleapis.com/v1/projects/locally-57510/locations/us-central1/functions/host {"updateMask":"sourceUploadUrl,name,labels,runtime,httpsTrigger"} 

[debug] [2018-10-26T14:35:39.679Z] <<< HTTP RESPONSE 200
[debug] [2018-10-26T14:35:39.682Z] <<< HTTP RESPONSE 200
[debug] [2018-10-26T14:35:39.682Z] <<< HTTP RESPONSE 200
[debug] [2018-10-26T14:35:39.683Z] <<< HTTP RESPONSE 200
[debug] [2018-10-26T14:35:39.687Z] <<< HTTP RESPONSE 200
[debug] [2018-10-26T14:35:39.688Z] >>> HTTP REQUEST GET https://cloudfunctions.googleapis.com/v1/projects/locally-57510/locations/-/functions  
 
[debug] [2018-10-26T14:35:40.377Z] <<< HTTP RESPONSE 200
[debug] [2018-10-26T14:35:40.379Z] >>> HTTP REQUEST GET https://cloudfunctions.googleapis.com/v1/operations/bG9jYWxseS01NzUxMC91cy1jZW50cmFsMS9vblBvc3RDcmVhdGVkL3NQdnpreVpVSG5z  
 
[debug] [2018-10-26T14:35:40.379Z] >>> HTTP REQUEST GET https://cloudfunctions.googleapis.com/v1/operations/bG9jYWxseS01NzUxMC91cy1jZW50cmFsMS9vblBvc3RVcGRhdGVkL0J5NGczUENfUEVr  
 
[debug] [2018-10-26T14:35:40.379Z] >>> HTTP REQUEST GET https://cloudfunctions.googleapis.com/v1/operations/bG9jYWxseS01NzUxMC91cy1jZW50cmFsMS9vblVzZXJVcGRhdGVkL0FJU1RnYTdkbDM4  
 
[debug] [2018-10-26T14:35:40.380Z] >>> HTTP REQUEST GET https://cloudfunctions.googleapis.com/v1/operations/bG9jYWxseS01NzUxMC91cy1jZW50cmFsMS9vcHRpbWl6ZUltYWdlcy9lc1lzWUZSSmlHdw  
 
[debug] [2018-10-26T14:35:40.380Z] >>> HTTP REQUEST GET https://cloudfunctions.googleapis.com/v1/operations/bG9jYWxseS01NzUxMC91cy1jZW50cmFsMS9ob3N0L1djSnM1VnVHU25Z  
 
[debug] [2018-10-26T14:35:40.649Z] <<< HTTP RESPONSE 200
[debug] [2018-10-26T14:35:40.673Z] <<< HTTP RESPONSE 200
[debug] [2018-10-26T14:35:40.681Z] <<< HTTP RESPONSE 200
[debug] [2018-10-26T14:35:40.681Z] <<< HTTP RESPONSE 200
[debug] [2018-10-26T14:35:40.688Z] <<< HTTP RESPONSE 200
[debug] [2018-10-26T14:35:42.653Z] >>> HTTP REQUEST GET https://cloudfunctions.googleapis.com/v1/operations/bG9jYWxseS01NzUxMC91cy1jZW50cmFsMS9vblBvc3RDcmVhdGVkL3NQdnpreVpVSG5z  
 
[debug] [2018-10-26T14:35:42.677Z] >>> HTTP REQUEST GET https://cloudfunctions.googleapis.com/v1/operations/bG9jYWxseS01NzUxMC91cy1jZW50cmFsMS9ob3N0L1djSnM1VnVHU25Z  
 
[debug] [2018-10-26T14:35:42.682Z] >>> HTTP REQUEST GET https://cloudfunctions.googleapis.com/v1/operations/bG9jYWxseS01NzUxMC91cy1jZW50cmFsMS9vcHRpbWl6ZUltYWdlcy9lc1lzWUZSSmlHdw  
 
[debug] [2018-10-26T14:35:42.683Z] >>> HTTP REQUEST GET https://cloudfunctions.googleapis.com/v1/operations/bG9jYWxseS01NzUxMC91cy1jZW50cmFsMS9vblVzZXJVcGRhdGVkL0FJU1RnYTdkbDM4  
 
[debug] [2018-10-26T14:35:42.689Z] >>> HTTP REQUEST GET https://cloudfunctions.googleapis.com/v1/operations/bG9jYWxseS01NzUxMC91cy1jZW50cmFsMS9vblBvc3RVcGRhdGVkL0J5NGczUENfUEVr  
 
[debug] [2018-10-26T14:35:42.961Z] <<< HTTP RESPONSE 200
[debug] [2018-10-26T14:35:42.962Z] <<< HTTP RESPONSE 200
[debug] [2018-10-26T14:35:42.965Z] <<< HTTP RESPONSE 200
[debug] [2018-10-26T14:35:42.980Z] <<< HTTP RESPONSE 200
[debug] [2018-10-26T14:35:42.982Z] <<< HTTP RESPONSE 200
[debug] [2018-10-26T14:35:44.967Z] >>> HTTP REQUEST GET https://cloudfunctions.googleapis.com/v1/operations/bG9jYWxseS01NzUxMC91cy1jZW50cmFsMS9vblBvc3RDcmVhdGVkL3NQdnpreVpVSG5z  
 
[debug] [2018-10-26T14:35:44.968Z] >>> HTTP REQUEST GET https://cloudfunctions.googleapis.com/v1/operations/bG9jYWxseS01NzUxMC91cy1jZW50cmFsMS9vblVzZXJVcGRhdGVkL0FJU1RnYTdkbDM4  
 
[debug] [2018-10-26T14:35:44.969Z] >>> HTTP REQUEST GET https://cloudfunctions.googleapis.com/v1/operations/bG9jYWxseS01NzUxMC91cy1jZW50cmFsMS9ob3N0L1djSnM1VnVHU25Z  
 
[debug] [2018-10-26T14:35:44.982Z] >>> HTTP REQUEST GET https://cloudfunctions.googleapis.com/v1/operations/bG9jYWxseS01NzUxMC91cy1jZW50cmFsMS9vblBvc3RVcGRhdGVkL0J5NGczUENfUEVr  
 
[debug] [2018-10-26T14:35:44.983Z] >>> HTTP REQUEST GET https://cloudfunctions.googleapis.com/v1/operations/bG9jYWxseS01NzUxMC91cy1jZW50cmFsMS9vcHRpbWl6ZUltYWdlcy9lc1lzWUZSSmlHdw  
 
[debug] [2018-10-26T14:35:45.231Z] <<< HTTP RESPONSE 200
[debug] [2018-10-26T14:35:45.232Z] <<< HTTP RESPONSE 200
[debug] [2018-10-26T14:35:45.237Z] <<< HTTP RESPONSE 200
[debug] [2018-10-26T14:35:45.271Z] <<< HTTP RESPONSE 200
[debug] [2018-10-26T14:35:45.284Z] <<< HTTP RESPONSE 200
[debug] [2018-10-26T14:35:47.236Z] >>> HTTP REQUEST GET https://cloudfunctions.googleapis.com/v1/operations/bG9jYWxseS01NzUxMC91cy1jZW50cmFsMS9vblBvc3RDcmVhdGVkL3NQdnpreVpVSG5z  
 
[debug] [2018-10-26T14:35:47.237Z] >>> HTTP REQUEST GET https://cloudfunctions.googleapis.com/v1/operations/bG9jYWxseS01NzUxMC91cy1jZW50cmFsMS9vblVzZXJVcGRhdGVkL0FJU1RnYTdkbDM4  
 
[debug] [2018-10-26T14:35:47.241Z] >>> HTTP REQUEST GET https://cloudfunctions.googleapis.com/v1/operations/bG9jYWxseS01NzUxMC91cy1jZW50cmFsMS9ob3N0L1djSnM1VnVHU25Z  
 
[debug] [2018-10-26T14:35:47.273Z] >>> HTTP REQUEST GET https://cloudfunctions.googleapis.com/v1/operations/bG9jYWxseS01NzUxMC91cy1jZW50cmFsMS9vblBvc3RVcGRhdGVkL0J5NGczUENfUEVr  
 
[debug] [2018-10-26T14:35:47.285Z] >>> HTTP REQUEST GET https://cloudfunctions.googleapis.com/v1/operations/bG9jYWxseS01NzUxMC91cy1jZW50cmFsMS9vcHRpbWl6ZUltYWdlcy9lc1lzWUZSSmlHdw  
 
[debug] [2018-10-26T14:35:47.550Z] <<< HTTP RESPONSE 200
[debug] [2018-10-26T14:35:47.551Z] <<< HTTP RESPONSE 200
[debug] [2018-10-26T14:35:47.551Z] <<< HTTP RESPONSE 200
[debug] [2018-10-26T14:35:47.664Z] <<< HTTP RESPONSE 200
[debug] [2018-10-26T14:35:47.668Z] <<< HTTP RESPONSE 200
[debug] [2018-10-26T14:35:49.551Z] >>> HTTP REQUEST GET https://cloudfunctions.googleapis.com/v1/operations/bG9jYWxseS01NzUxMC91cy1jZW50cmFsMS9vblBvc3RDcmVhdGVkL3NQdnpreVpVSG5z  
 
[debug] [2018-10-26T14:35:49.552Z] >>> HTTP REQUEST GET https://cloudfunctions.googleapis.com/v1/operations/bG9jYWxseS01NzUxMC91cy1jZW50cmFsMS9vblVzZXJVcGRhdGVkL0FJU1RnYTdkbDM4  
 
[debug] [2018-10-26T14:35:49.552Z] >>> HTTP REQUEST GET https://cloudfunctions.googleapis.com/v1/operations/bG9jYWxseS01NzUxMC91cy1jZW50cmFsMS9ob3N0L1djSnM1VnVHU25Z  
 
[debug] [2018-10-26T14:35:49.670Z] >>> HTTP REQUEST GET https://cloudfunctions.googleapis.com/v1/operations/bG9jYWxseS01NzUxMC91cy1jZW50cmFsMS9vblBvc3RVcGRhdGVkL0J5NGczUENfUEVr  
 
[debug] [2018-10-26T14:35:49.671Z] >>> HTTP REQUEST GET https://cloudfunctions.googleapis.com/v1/operations/bG9jYWxseS01NzUxMC91cy1jZW50cmFsMS9vcHRpbWl6ZUltYWdlcy9lc1lzWUZSSmlHdw  
 
[debug] [2018-10-26T14:35:49.831Z] <<< HTTP RESPONSE 200
[debug] [2018-10-26T14:35:49.841Z] <<< HTTP RESPONSE 200
[debug] [2018-10-26T14:35:49.849Z] <<< HTTP RESPONSE 200
[debug] [2018-10-26T14:35:49.927Z] <<< HTTP RESPONSE 200
[debug] [2018-10-26T14:35:49.939Z] <<< HTTP RESPONSE 200
[debug] [2018-10-26T14:35:51.834Z] >>> HTTP REQUEST GET https://cloudfunctions.googleapis.com/v1/operations/bG9jYWxseS01NzUxMC91cy1jZW50cmFsMS9vblVzZXJVcGRhdGVkL0FJU1RnYTdkbDM4  
 
[debug] [2018-10-26T14:35:51.842Z] >>> HTTP REQUEST GET https://cloudfunctions.googleapis.com/v1/operations/bG9jYWxseS01NzUxMC91cy1jZW50cmFsMS9ob3N0L1djSnM1VnVHU25Z  
 
[debug] [2018-10-26T14:35:51.850Z] >>> HTTP REQUEST GET https://cloudfunctions.googleapis.com/v1/operations/bG9jYWxseS01NzUxMC91cy1jZW50cmFsMS9vblBvc3RDcmVhdGVkL3NQdnpreVpVSG5z  
 
[debug] [2018-10-26T14:35:51.929Z] >>> HTTP REQUEST GET https://cloudfunctions.googleapis.com/v1/operations/bG9jYWxseS01NzUxMC91cy1jZW50cmFsMS9vblBvc3RVcGRhdGVkL0J5NGczUENfUEVr  
 
[debug] [2018-10-26T14:35:51.940Z] >>> HTTP REQUEST GET https://cloudfunctions.googleapis.com/v1/operations/bG9jYWxseS01NzUxMC91cy1jZW50cmFsMS9vcHRpbWl6ZUltYWdlcy9lc1lzWUZSSmlHdw  
 
[debug] [2018-10-26T14:35:52.097Z] <<< HTTP RESPONSE 200
[debug] [2018-10-26T14:35:52.099Z] <<< HTTP RESPONSE 200
[debug] [2018-10-26T14:35:52.120Z] <<< HTTP RESPONSE 200
[debug] [2018-10-26T14:35:52.205Z] <<< HTTP RESPONSE 200
[debug] [2018-10-26T14:35:52.208Z] <<< HTTP RESPONSE 200
[debug] [2018-10-26T14:35:54.098Z] >>> HTTP REQUEST GET https://cloudfunctions.googleapis.com/v1/operations/bG9jYWxseS01NzUxMC91cy1jZW50cmFsMS9ob3N0L1djSnM1VnVHU25Z  
 
[debug] [2018-10-26T14:35:54.101Z] >>> HTTP REQUEST GET https://cloudfunctions.googleapis.com/v1/operations/bG9jYWxseS01NzUxMC91cy1jZW50cmFsMS9vblVzZXJVcGRhdGVkL0FJU1RnYTdkbDM4  
 
[debug] [2018-10-26T14:35:54.126Z] >>> HTTP REQUEST GET https://cloudfunctions.googleapis.com/v1/operations/bG9jYWxseS01NzUxMC91cy1jZW50cmFsMS9vblBvc3RDcmVhdGVkL3NQdnpreVpVSG5z  
 
[debug] [2018-10-26T14:35:54.209Z] >>> HTTP REQUEST GET https://cloudfunctions.googleapis.com/v1/operations/bG9jYWxseS01NzUxMC91cy1jZW50cmFsMS9vcHRpbWl6ZUltYWdlcy9lc1lzWUZSSmlHdw  
 
[debug] [2018-10-26T14:35:54.209Z] >>> HTTP REQUEST GET https://cloudfunctions.googleapis.com/v1/operations/bG9jYWxseS01NzUxMC91cy1jZW50cmFsMS9vblBvc3RVcGRhdGVkL0J5NGczUENfUEVr  
 
[debug] [2018-10-26T14:35:54.368Z] <<< HTTP RESPONSE 200
[debug] [2018-10-26T14:35:54.395Z] <<< HTTP RESPONSE 200
[debug] [2018-10-26T14:35:54.408Z] <<< HTTP RESPONSE 200
[debug] [2018-10-26T14:35:54.491Z] <<< HTTP RESPONSE 200
[debug] [2018-10-26T14:35:54.507Z] <<< HTTP RESPONSE 200
[debug] [2018-10-26T14:35:56.373Z] >>> HTTP REQUEST GET https://cloudfunctions.googleapis.com/v1/operations/bG9jYWxseS01NzUxMC91cy1jZW50cmFsMS9ob3N0L1djSnM1VnVHU25Z  
 
[debug] [2018-10-26T14:35:56.399Z] >>> HTTP REQUEST GET https://cloudfunctions.googleapis.com/v1/operations/bG9jYWxseS01NzUxMC91cy1jZW50cmFsMS9vblVzZXJVcGRhdGVkL0FJU1RnYTdkbDM4  
 
[debug] [2018-10-26T14:35:56.410Z] >>> HTTP REQUEST GET https://cloudfunctions.googleapis.com/v1/operations/bG9jYWxseS01NzUxMC91cy1jZW50cmFsMS9vblBvc3RDcmVhdGVkL3NQdnpreVpVSG5z  
 
[debug] [2018-10-26T14:35:56.495Z] >>> HTTP REQUEST GET https://cloudfunctions.googleapis.com/v1/operations/bG9jYWxseS01NzUxMC91cy1jZW50cmFsMS9vcHRpbWl6ZUltYWdlcy9lc1lzWUZSSmlHdw  
 
[debug] [2018-10-26T14:35:56.509Z] >>> HTTP REQUEST GET https://cloudfunctions.googleapis.com/v1/operations/bG9jYWxseS01NzUxMC91cy1jZW50cmFsMS9vblBvc3RVcGRhdGVkL0J5NGczUENfUEVr  
 
[debug] [2018-10-26T14:35:56.671Z] <<< HTTP RESPONSE 200
[debug] [2018-10-26T14:35:56.676Z] <<< HTTP RESPONSE 200
[debug] [2018-10-26T14:35:56.708Z] <<< HTTP RESPONSE 200
[debug] [2018-10-26T14:35:56.758Z] <<< HTTP RESPONSE 200
[debug] [2018-10-26T14:35:56.767Z] <<< HTTP RESPONSE 200
[debug] [2018-10-26T14:35:58.674Z] >>> HTTP REQUEST GET https://cloudfunctions.googleapis.com/v1/operations/bG9jYWxseS01NzUxMC91cy1jZW50cmFsMS9vblVzZXJVcGRhdGVkL0FJU1RnYTdkbDM4  
 
[debug] [2018-10-26T14:35:58.678Z] >>> HTTP REQUEST GET https://cloudfunctions.googleapis.com/v1/operations/bG9jYWxseS01NzUxMC91cy1jZW50cmFsMS9ob3N0L1djSnM1VnVHU25Z  
 
[debug] [2018-10-26T14:35:58.714Z] >>> HTTP REQUEST GET https://cloudfunctions.googleapis.com/v1/operations/bG9jYWxseS01NzUxMC91cy1jZW50cmFsMS9vblBvc3RDcmVhdGVkL3NQdnpreVpVSG5z  
 
[debug] [2018-10-26T14:35:58.761Z] >>> HTTP REQUEST GET https://cloudfunctions.googleapis.com/v1/operations/bG9jYWxseS01NzUxMC91cy1jZW50cmFsMS9vblBvc3RVcGRhdGVkL0J5NGczUENfUEVr  
 
[debug] [2018-10-26T14:35:58.768Z] >>> HTTP REQUEST GET https://cloudfunctions.googleapis.com/v1/operations/bG9jYWxseS01NzUxMC91cy1jZW50cmFsMS9vcHRpbWl6ZUltYWdlcy9lc1lzWUZSSmlHdw  
 
[debug] [2018-10-26T14:35:58.957Z] <<< HTTP RESPONSE 200
[debug] [2018-10-26T14:35:58.980Z] <<< HTTP RESPONSE 200
[debug] [2018-10-26T14:35:58.982Z] <<< HTTP RESPONSE 200
[debug] [2018-10-26T14:35:59.008Z] <<< HTTP RESPONSE 200
[debug] [2018-10-26T14:35:59.019Z] <<< HTTP RESPONSE 200
[debug] [2018-10-26T14:36:00.959Z] >>> HTTP REQUEST GET https://cloudfunctions.googleapis.com/v1/operations/bG9jYWxseS01NzUxMC91cy1jZW50cmFsMS9vblVzZXJVcGRhdGVkL0FJU1RnYTdkbDM4  
 
[debug] [2018-10-26T14:36:00.981Z] >>> HTTP REQUEST GET https://cloudfunctions.googleapis.com/v1/operations/bG9jYWxseS01NzUxMC91cy1jZW50cmFsMS9vblBvc3RDcmVhdGVkL3NQdnpreVpVSG5z  
 
[debug] [2018-10-26T14:36:00.985Z] >>> HTTP REQUEST GET https://cloudfunctions.googleapis.com/v1/operations/bG9jYWxseS01NzUxMC91cy1jZW50cmFsMS9ob3N0L1djSnM1VnVHU25Z  
 
[debug] [2018-10-26T14:36:01.008Z] >>> HTTP REQUEST GET https://cloudfunctions.googleapis.com/v1/operations/bG9jYWxseS01NzUxMC91cy1jZW50cmFsMS9vcHRpbWl6ZUltYWdlcy9lc1lzWUZSSmlHdw  
 
[debug] [2018-10-26T14:36:01.022Z] >>> HTTP REQUEST GET https://cloudfunctions.googleapis.com/v1/operations/bG9jYWxseS01NzUxMC91cy1jZW50cmFsMS9vblBvc3RVcGRhdGVkL0J5NGczUENfUEVr  
 
[debug] [2018-10-26T14:36:01.367Z] <<< HTTP RESPONSE 200
[debug] [2018-10-26T14:36:01.401Z] <<< HTTP RESPONSE 200
[debug] [2018-10-26T14:36:01.413Z] <<< HTTP RESPONSE 200
[debug] [2018-10-26T14:36:01.417Z] <<< HTTP RESPONSE 200
[debug] [2018-10-26T14:36:01.426Z] <<< HTTP RESPONSE 200
[debug] [2018-10-26T14:36:03.367Z] >>> HTTP REQUEST GET https://cloudfunctions.googleapis.com/v1/operations/bG9jYWxseS01NzUxMC91cy1jZW50cmFsMS9vblVzZXJVcGRhdGVkL0FJU1RnYTdkbDM4  
 
[debug] [2018-10-26T14:36:03.407Z] >>> HTTP REQUEST GET https://cloudfunctions.googleapis.com/v1/operations/bG9jYWxseS01NzUxMC91cy1jZW50cmFsMS9vblBvc3RDcmVhdGVkL3NQdnpreVpVSG5z  
 
[debug] [2018-10-26T14:36:03.415Z] >>> HTTP REQUEST GET https://cloudfunctions.googleapis.com/v1/operations/bG9jYWxseS01NzUxMC91cy1jZW50cmFsMS9vblBvc3RVcGRhdGVkL0J5NGczUENfUEVr  
 
[debug] [2018-10-26T14:36:03.417Z] >>> HTTP REQUEST GET https://cloudfunctions.googleapis.com/v1/operations/bG9jYWxseS01NzUxMC91cy1jZW50cmFsMS9vcHRpbWl6ZUltYWdlcy9lc1lzWUZSSmlHdw  
 
[debug] [2018-10-26T14:36:03.429Z] >>> HTTP REQUEST GET https://cloudfunctions.googleapis.com/v1/operations/bG9jYWxseS01NzUxMC91cy1jZW50cmFsMS9ob3N0L1djSnM1VnVHU25Z  
 
[debug] [2018-10-26T14:36:03.651Z] <<< HTTP RESPONSE 200
[debug] [2018-10-26T14:36:03.658Z] <<< HTTP RESPONSE 200
[debug] [2018-10-26T14:36:03.680Z] <<< HTTP RESPONSE 200
[debug] [2018-10-26T14:36:03.683Z] <<< HTTP RESPONSE 200
[debug] [2018-10-26T14:36:03.689Z] <<< HTTP RESPONSE 200
[debug] [2018-10-26T14:36:05.656Z] >>> HTTP REQUEST GET https://cloudfunctions.googleapis.com/v1/operations/bG9jYWxseS01NzUxMC91cy1jZW50cmFsMS9vblVzZXJVcGRhdGVkL0FJU1RnYTdkbDM4  
 
[debug] [2018-10-26T14:36:05.660Z] >>> HTTP REQUEST GET https://cloudfunctions.googleapis.com/v1/operations/bG9jYWxseS01NzUxMC91cy1jZW50cmFsMS9vblBvc3RDcmVhdGVkL3NQdnpreVpVSG5z  
 
[debug] [2018-10-26T14:36:05.685Z] >>> HTTP REQUEST GET https://cloudfunctions.googleapis.com/v1/operations/bG9jYWxseS01NzUxMC91cy1jZW50cmFsMS9ob3N0L1djSnM1VnVHU25Z  
 
[debug] [2018-10-26T14:36:05.686Z] >>> HTTP REQUEST GET https://cloudfunctions.googleapis.com/v1/operations/bG9jYWxseS01NzUxMC91cy1jZW50cmFsMS9vblBvc3RVcGRhdGVkL0J5NGczUENfUEVr  
 
[debug] [2018-10-26T14:36:05.689Z] >>> HTTP REQUEST GET https://cloudfunctions.googleapis.com/v1/operations/bG9jYWxseS01NzUxMC91cy1jZW50cmFsMS9vcHRpbWl6ZUltYWdlcy9lc1lzWUZSSmlHdw  
 
[debug] [2018-10-26T14:36:05.908Z] <<< HTTP RESPONSE 200
[debug] [2018-10-26T14:36:05.926Z] <<< HTTP RESPONSE 200
[debug] [2018-10-26T14:36:05.966Z] <<< HTTP RESPONSE 200
[debug] [2018-10-26T14:36:05.969Z] <<< HTTP RESPONSE 200
[debug] [2018-10-26T14:36:05.982Z] <<< HTTP RESPONSE 200
[debug] [2018-10-26T14:36:07.913Z] >>> HTTP REQUEST GET https://cloudfunctions.googleapis.com/v1/operations/bG9jYWxseS01NzUxMC91cy1jZW50cmFsMS9vblVzZXJVcGRhdGVkL0FJU1RnYTdkbDM4  
 
[debug] [2018-10-26T14:36:07.930Z] >>> HTTP REQUEST GET https://cloudfunctions.googleapis.com/v1/operations/bG9jYWxseS01NzUxMC91cy1jZW50cmFsMS9vblBvc3RDcmVhdGVkL3NQdnpreVpVSG5z  
 
[debug] [2018-10-26T14:36:07.967Z] >>> HTTP REQUEST GET https://cloudfunctions.googleapis.com/v1/operations/bG9jYWxseS01NzUxMC91cy1jZW50cmFsMS9ob3N0L1djSnM1VnVHU25Z  
 
[debug] [2018-10-26T14:36:07.969Z] >>> HTTP REQUEST GET https://cloudfunctions.googleapis.com/v1/operations/bG9jYWxseS01NzUxMC91cy1jZW50cmFsMS9vcHRpbWl6ZUltYWdlcy9lc1lzWUZSSmlHdw  
 
[debug] [2018-10-26T14:36:07.985Z] >>> HTTP REQUEST GET https://cloudfunctions.googleapis.com/v1/operations/bG9jYWxseS01NzUxMC91cy1jZW50cmFsMS9vblBvc3RVcGRhdGVkL0J5NGczUENfUEVr  
 
[debug] [2018-10-26T14:36:08.199Z] <<< HTTP RESPONSE 200
[debug] [2018-10-26T14:36:08.218Z] <<< HTTP RESPONSE 200
[debug] [2018-10-26T14:36:08.248Z] <<< HTTP RESPONSE 200
[debug] [2018-10-26T14:36:08.270Z] <<< HTTP RESPONSE 200
[debug] [2018-10-26T14:36:08.289Z] <<< HTTP RESPONSE 200
